<testsuite name="Django Project Tests" errors="0" failures="0" skips="0" tests="21" time="3.118"><testcase time="0.086898" classname="article.tests.test_models.ArticleModelTestCase" name="test_article_field_length" /><testcase time="0.019527" classname="article.tests.test_models.ArticleModelTestCase" name="test_article_fields" /><testcase time="0.017365" classname="article.tests.test_models.ArticleModelTestCase" name="test_if_exists" /><testcase time="0.201286" classname="article.tests.test_views.ArticleLatestListAPIView" name="test_delete" /><testcase time="0.197336" classname="article.tests.test_views.ArticleLatestListAPIView" name="test_filter" /><testcase time="0.176710" classname="article.tests.test_views.ArticleLatestListAPIView" name="test_response" /><testcase time="0.156770" classname="authapp.tests.test_models.UserModelTestCase" name="test_user_exists" /><testcase time="0.153681" classname="authapp.tests.test_models.UserModelTestCase" name="test_user_fields" /><testcase time="0.153493" classname="authapp.tests.test_models.UserModelTestCase" name="test_user_fields_length" /><testcase time="0.170781" classname="authapp.tests.test_views.TokenViewTestCase" name="test_refresh_token_updated" /><testcase time="0.308744" classname="authapp.tests.test_views.UserLoginTestCase" name="test_login" /><testcase time="0.156618" classname="authapp.tests.test_views.UserLoginTestCase" name="test_login_email_is_blank_error" /><testcase time="0.293667" classname="authapp.tests.test_views.UserLoginTestCase" name="test_login_email_is_invalid_error" /><testcase time="0.156599" classname="authapp.tests.test_views.UserLoginTestCase" name="test_login_email_is_null_error" /><testcase time="0.311151" classname="authapp.tests.test_views.UserLoginTestCase" name="test_login_inactive_user" /><testcase time="0.301598" classname="authapp.tests.test_views.UserLoginTestCase" name="test_user_is_invalid_with_wrong_password_error" /><testcase time="0.007926" classname="topic.tests.test_models.TopicModelsTestCase" name="test_topic_exists" /><testcase time="0.005279" classname="topic.tests.test_models.TopicModelsTestCase" name="test_topic_fields" /><testcase time="0.004684" classname="topic.tests.test_models.TopicModelsTestCase" name="test_topic_fields_length" /><testcase time="0.011718" classname="topic.tests.test_views.TopicViewTestCase" name="test_output" /><testcase time="0.006807" classname="topic.tests.test_views.TopicViewTestCase" name="test_permissions" /></testsuite>